<?xml version="1.0" encoding="UTF-8"?>
<testng-results ignored="0" total="2" passed="2" failed="0" skipped="0">
  <reporter-output>
  </reporter-output>
  <suite started-at="2025-09-29T16:46:05 IST" name="Master Suite" finished-at="2025-09-29T16:46:20 IST" duration-ms="15070">
    <groups>
      <group name="Master">
        <method signature="TC_001_AccountRegistrationTest.verify_account_registration()[pri:0, instance:testCases.TC_001_AccountRegistrationTest@2145b572]" name="verify_account_registration" class="testCases.TC_001_AccountRegistrationTest"/>
        <method signature="TC_002_LoginTest.verify_login()[pri:0, instance:testCases.TC_002_LoginTest@1cbbffcd]" name="verify_login" class="testCases.TC_002_LoginTest"/>
      </group> <!-- Master -->
      <group name="Sanity">
        <method signature="TC_002_LoginTest.verify_login()[pri:0, instance:testCases.TC_002_LoginTest@1cbbffcd]" name="verify_login" class="testCases.TC_002_LoginTest"/>
      </group> <!-- Sanity -->
      <group name="Regression">
        <method signature="TC_001_AccountRegistrationTest.verify_account_registration()[pri:0, instance:testCases.TC_001_AccountRegistrationTest@2145b572]" name="verify_account_registration" class="testCases.TC_001_AccountRegistrationTest"/>
        <method signature="TC_002_LoginTest.verify_login()[pri:0, instance:testCases.TC_002_LoginTest@1cbbffcd]" name="verify_login" class="testCases.TC_002_LoginTest"/>
      </group> <!-- Regression -->
    </groups>
    <test started-at="2025-09-29T16:46:05 IST" name="Test" finished-at="2025-09-29T16:46:20 IST" duration-ms="15070">
      <class name="testCases.TC_001_AccountRegistrationTest">
        <test-method is-config="true" signature="setup(java.lang.String,java.lang.String)[pri:0, instance:testCases.TC_001_AccountRegistrationTest@2145b572]" started-at="2025-09-29T16:46:05 IST" name="setup" finished-at="2025-09-29T16:46:09 IST" duration-ms="3614" status="PASS">
          <params>
            <param index="0">
              <value>
                <![CDATA[Windows]]>
              </value>
            </param>
            <param index="1">
              <value>
                <![CDATA[chrome]]>
              </value>
            </param>
          </params>
          <reporter-output>
          </reporter-output>
        </test-method> <!-- setup -->
        <test-method signature="verify_account_registration()[pri:0, instance:testCases.TC_001_AccountRegistrationTest@2145b572]" started-at="2025-09-29T16:46:09 IST" name="verify_account_registration" finished-at="2025-09-29T16:46:14 IST" duration-ms="5389" status="PASS">
          <reporter-output>
          </reporter-output>
        </test-method> <!-- verify_account_registration -->
        <test-method is-config="true" signature="tearDown()[pri:0, instance:testCases.TC_001_AccountRegistrationTest@2145b572]" started-at="2025-09-29T16:46:14 IST" name="tearDown" finished-at="2025-09-29T16:46:15 IST" duration-ms="486" status="PASS">
          <reporter-output>
          </reporter-output>
        </test-method> <!-- tearDown -->
      </class> <!-- testCases.TC_001_AccountRegistrationTest -->
      <class name="testCases.TC_002_LoginTest">
        <test-method is-config="true" signature="setup(java.lang.String,java.lang.String)[pri:0, instance:testCases.TC_002_LoginTest@1cbbffcd]" started-at="2025-09-29T16:46:15 IST" name="setup" finished-at="2025-09-29T16:46:17 IST" duration-ms="2107" status="PASS">
          <params>
            <param index="0">
              <value>
                <![CDATA[Windows]]>
              </value>
            </param>
            <param index="1">
              <value>
                <![CDATA[chrome]]>
              </value>
            </param>
          </params>
          <reporter-output>
          </reporter-output>
        </test-method> <!-- setup -->
        <test-method signature="verify_login()[pri:0, instance:testCases.TC_002_LoginTest@1cbbffcd]" started-at="2025-09-29T16:46:17 IST" name="verify_login" finished-at="2025-09-29T16:46:20 IST" duration-ms="2824" status="PASS">
          <reporter-output>
          </reporter-output>
        </test-method> <!-- verify_login -->
        <test-method is-config="true" signature="tearDown()[pri:0, instance:testCases.TC_002_LoginTest@1cbbffcd]" started-at="2025-09-29T16:46:20 IST" name="tearDown" finished-at="2025-09-29T16:46:20 IST" duration-ms="270" status="PASS">
          <reporter-output>
          </reporter-output>
        </test-method> <!-- tearDown -->
      </class> <!-- testCases.TC_002_LoginTest -->
    </test> <!-- Test -->
  </suite> <!-- Master Suite -->
</testng-results>
